2021-07-21 11:48:13.923  INFO 56908 --- [restartedMain] otelasticsearcklogstashkibanaApplication : Starting SpringbootelasticsearcklogstashkibanaApplication using Java 11.0.8 on NELSON-CRANNEILLAR with PID 56908 (D:\ALL PROJECTS\Springboot with ELK\target\classes started by user in D:\ALL PROJECTS\Springboot with ELK)
2021-07-21 11:48:13.928  INFO 56908 --- [restartedMain] otelasticsearcklogstashkibanaApplication : No active profile set, falling back to default profiles: default
2021-07-21 11:48:14.007  INFO 56908 --- [restartedMain] .e.DevToolsPropertyDefaultsPostProcessor : Devtools property defaults active! Set 'spring.devtools.add-properties' to 'false' to disable
2021-07-21 11:48:14.008  INFO 56908 --- [restartedMain] .e.DevToolsPropertyDefaultsPostProcessor : For additional web related logging consider setting the 'logging.level.web' property to 'DEBUG'
2021-07-21 11:48:15.498  INFO 56908 --- [restartedMain] o.s.b.w.embedded.tomcat.TomcatWebServer  : Tomcat initialized with port(s): 7777 (http)
2021-07-21 11:48:15.510  INFO 56908 --- [restartedMain] o.apache.catalina.core.StandardService   : Starting service [Tomcat]
2021-07-21 11:48:15.511  INFO 56908 --- [restartedMain] org.apache.catalina.core.StandardEngine  : Starting Servlet engine: [Apache Tomcat/9.0.48]
2021-07-21 11:48:15.616  INFO 56908 --- [restartedMain] o.a.c.c.C.[Tomcat].[localhost].[/]       : Initializing Spring embedded WebApplicationContext
2021-07-21 11:48:15.617  INFO 56908 --- [restartedMain] w.s.c.ServletWebServerApplicationContext : Root WebApplicationContext: initialization completed in 1452 ms
2021-07-21 11:48:16.097  WARN 56908 --- [restartedMain] o.s.b.d.a.OptionalLiveReloadServer       : Unable to start LiveReload server
2021-07-21 11:48:16.141  INFO 56908 --- [restartedMain] o.s.b.w.embedded.tomcat.TomcatWebServer  : Tomcat started on port(s): 7777 (http) with context path ''
2021-07-21 11:48:16.160  INFO 56908 --- [restartedMain] otelasticsearcklogstashkibanaApplication : Started SpringbootelasticsearcklogstashkibanaApplication in 2.956 seconds (JVM running for 5.055)
2021-07-21 11:48:52.917  INFO 56908 --- [http-nio-7777-exec-1] o.a.c.c.C.[Tomcat].[localhost].[/]       : Initializing Spring DispatcherServlet 'dispatcherServlet'
2021-07-21 11:48:52.919  INFO 56908 --- [http-nio-7777-exec-1] o.s.web.servlet.DispatcherServlet        : Initializing Servlet 'dispatcherServlet'
2021-07-21 11:48:52.920  INFO 56908 --- [http-nio-7777-exec-1] o.s.web.servlet.DispatcherServlet        : Completed initialization in 1 ms
2021-07-21 11:48:52.936  INFO 56908 --- [http-nio-7777-exec-1] c.e.s.ELKController                      : +++++++++++++++++ fetching all employees
2021-07-21 11:48:52.936  INFO 56908 --- [http-nio-7777-exec-1] c.e.s.ELKController                      : +++++++++++++  GETTING ALL EMPLOYEES
2021-07-21 11:48:54.037  INFO 56908 --- [http-nio-7777-exec-2] c.e.s.ELKController                      : +++++++++++++++++ fetching all employees
2021-07-21 11:48:54.037  INFO 56908 --- [http-nio-7777-exec-2] c.e.s.ELKController                      : +++++++++++++  GETTING ALL EMPLOYEES
2021-07-21 11:48:54.373  INFO 56908 --- [http-nio-7777-exec-3] c.e.s.ELKController                      : +++++++++++++++++ fetching all employees
2021-07-21 11:48:54.374  INFO 56908 --- [http-nio-7777-exec-3] c.e.s.ELKController                      : +++++++++++++  GETTING ALL EMPLOYEES
2021-07-21 11:48:54.743  INFO 56908 --- [http-nio-7777-exec-4] c.e.s.ELKController                      : +++++++++++++++++ fetching all employees
2021-07-21 11:48:54.743  INFO 56908 --- [http-nio-7777-exec-4] c.e.s.ELKController                      : +++++++++++++  GETTING ALL EMPLOYEES
2021-07-21 11:48:54.916  INFO 56908 --- [http-nio-7777-exec-5] c.e.s.ELKController                      : +++++++++++++++++ fetching all employees
2021-07-21 11:48:54.917  INFO 56908 --- [http-nio-7777-exec-5] c.e.s.ELKController                      : +++++++++++++  GETTING ALL EMPLOYEES
2021-07-21 11:48:55.107  INFO 56908 --- [http-nio-7777-exec-6] c.e.s.ELKController                      : +++++++++++++++++ fetching all employees
2021-07-21 11:48:55.108  INFO 56908 --- [http-nio-7777-exec-6] c.e.s.ELKController                      : +++++++++++++  GETTING ALL EMPLOYEES
2021-07-21 11:48:55.283  INFO 56908 --- [http-nio-7777-exec-7] c.e.s.ELKController                      : +++++++++++++++++ fetching all employees
2021-07-21 11:48:55.283  INFO 56908 --- [http-nio-7777-exec-7] c.e.s.ELKController                      : +++++++++++++  GETTING ALL EMPLOYEES
2021-07-21 11:48:55.450  INFO 56908 --- [http-nio-7777-exec-8] c.e.s.ELKController                      : +++++++++++++++++ fetching all employees
2021-07-21 11:48:55.450  INFO 56908 --- [http-nio-7777-exec-8] c.e.s.ELKController                      : +++++++++++++  GETTING ALL EMPLOYEES
2021-07-21 11:48:55.618  INFO 56908 --- [http-nio-7777-exec-9] c.e.s.ELKController                      : +++++++++++++++++ fetching all employees
2021-07-21 11:48:55.618  INFO 56908 --- [http-nio-7777-exec-9] c.e.s.ELKController                      : +++++++++++++  GETTING ALL EMPLOYEES
2021-07-21 11:48:55.777  INFO 56908 --- [http-nio-7777-exec-10] c.e.s.ELKController                      : +++++++++++++++++ fetching all employees
2021-07-21 11:48:55.778  INFO 56908 --- [http-nio-7777-exec-10] c.e.s.ELKController                      : +++++++++++++  GETTING ALL EMPLOYEES
2021-07-21 11:48:55.944  INFO 56908 --- [http-nio-7777-exec-1] c.e.s.ELKController                      : +++++++++++++++++ fetching all employees
2021-07-21 11:48:55.945  INFO 56908 --- [http-nio-7777-exec-1] c.e.s.ELKController                      : +++++++++++++  GETTING ALL EMPLOYEES
2021-07-21 11:48:56.106  INFO 56908 --- [http-nio-7777-exec-2] c.e.s.ELKController                      : +++++++++++++++++ fetching all employees
2021-07-21 11:48:56.106  INFO 56908 --- [http-nio-7777-exec-2] c.e.s.ELKController                      : +++++++++++++  GETTING ALL EMPLOYEES
2021-07-21 11:48:56.273  INFO 56908 --- [http-nio-7777-exec-3] c.e.s.ELKController                      : +++++++++++++++++ fetching all employees
2021-07-21 11:48:56.274  INFO 56908 --- [http-nio-7777-exec-3] c.e.s.ELKController                      : +++++++++++++  GETTING ALL EMPLOYEES
